<?xml version="1.0" encoding="UTF-8"?>
<!-- Generated by org.testng.reporters.JUnitXMLReporter -->
<testsuite hostname="VATLITWB00266" ignored="0" name="Default test" tests="3" failures="0" timestamp="13 Jun 2021 15:28:24 GMT" time="33.777" errors="0">
  <testcase name="validateErrorMsgForInvalidPassword" time="22.792" classname="org.com.TestPackage.TestMainClass"/>
  <testcase name="validateProductAddAndRemoveProductInCart" time="5.356" classname="org.com.TestPackage.TestMainClass"/>
  <testcase name="loginToApplicationValidateHomePage" time="5.587" classname="org.com.TestPackage.TestMainClass"/>
</testsuite> <!-- Default test -->
