<?xml version="1.0" encoding="UTF-8"?>
<!-- Generated by org.testng.reporters.JUnitXMLReporter -->
<testsuite hostname="VATLITWB00266" ignored="0" name="Default test" tests="3" failures="0" timestamp="13 Jun 2021 05:34:32 GMT" time="14.555" errors="0">
  <testcase name="validateErrorMsgForInvalidPassword" time="8.694" classname="org.com.ObjectMainMobile.MobileTestMainClass"/>
  <testcase name="validateProductAddAndRemoveProductInCart" time="2.551" classname="org.com.ObjectMainMobile.MobileTestMainClass"/>
  <testcase name="loginToApplicationValidateHomePage" time="3.262" classname="org.com.ObjectMainMobile.MobileTestMainClass"/>
</testsuite> <!-- Default test -->
